<?xml version="1.0" encoding="UTF-8"?>
<!-- Generated by org.testng.reporters.JUnitReportReporter -->
<testsuite hostname="belpc" failures="0" tests="2" name="cucumberoptions.TestNGTestRunner" time="52.548" errors="0" timestamp="2023-04-16T19:11:15 IST" skipped="0">
  <testcase classname="cucumberoptions.TestNGTestRunner" name="runScenario" time="26.170"/>
  <system-out/>
  <testcase classname="cucumberoptions.TestNGTestRunner" name="runScenario" time="26.378"/>
  <system-out/>
</testsuite> <!-- cucumberoptions.TestNGTestRunner -->
